[0.00][INFO][Render][main.cpp]: Logger is configured
[0.00][ERROR][Render][Settings.cpp]: Loading settings failed: Can't open ifstream for ./settings.json: No such file or directory
[0.00][INFO][Render][Render.cpp]: Creating window: 900x480 "AltCraft"
[0.31][INFO][Render][Render.cpp]: Initializing GLEW
[1.35][INFO][Render][TextureAtlas.cpp]: Initializing texture atlas...
[1.35][INFO][Render][TextureAtlas.cpp]: Textures count: 1407
[1.36][INFO][Render][TextureAtlas.cpp]: Texture atlas size is 1024x1024x19
[1.83][INFO][Render][TextureAtlas.cpp]: Texture atlas initialized
[1.86][INFO][Render][AssetManager.cpp]: Loaded 443 ids
[1.94][INFO][Render][Plugin.cpp]: Initializing plugin system
[1.95][INFO][Render][Render.cpp]: Initializing Rml
[1.95][INFO][Render][Rml.cpp]: Loading Lua plugin using the provided Lua state.
[1.95][INFO][Render][Plugin.cpp]: Loading plugin AltCraft Core Plugin
[1.95][INFO][Render][Rml.cpp]: Loaded font face Open Sans (from altcraft/fonts/OpenSans-Regular).
[1.97][ERROR][Render][Settings.cpp]: Loading settings failed: Can't open ifstream for ./settings.json: No such file or directory
[1.97][INFO][Render][Plugin.cpp]: Loaded plugin AltCraft Core Plugin
[1.97][INFO][Render][AssetManager.cpp]: Scripts loaded
[1.97][INFO][Render][Render.cpp]: Supported threads: 16
[1.98][ERROR][Render][Settings.cpp]: Loading settings failed: Can't open ifstream for ./settings.json: No such file or directory
[5.00][INFO][Render][Plugin.cpp]: Initializing plugin system
[5.00][INFO][Render][Plugin.cpp]: AC Core unloaded
[0.00][INFO][Render][main.cpp]: Logger is configured
[0.00][ERROR][Render][Settings.cpp]: Loading settings failed: Can't open ifstream for ./settings.json: No such file or directory
[0.00][INFO][Render][Render.cpp]: Creating window: 900x480 "AltCraft"
[0.32][INFO][Render][Render.cpp]: Initializing GLEW
[1.39][INFO][Render][TextureAtlas.cpp]: Initializing texture atlas...
[1.39][INFO][Render][TextureAtlas.cpp]: Textures count: 1407
[1.40][INFO][Render][TextureAtlas.cpp]: Texture atlas size is 1024x1024x19
[1.88][INFO][Render][TextureAtlas.cpp]: Texture atlas initialized
[1.90][INFO][Render][AssetManager.cpp]: Loaded 443 ids
[1.99][INFO][Render][Plugin.cpp]: Initializing plugin system
[1.99][INFO][Render][Render.cpp]: Initializing Rml
[1.99][INFO][Render][Rml.cpp]: Loading Lua plugin using the provided Lua state.
[2.00][INFO][Render][Plugin.cpp]: Loading plugin AltCraft Core Plugin
[2.00][INFO][Render][Rml.cpp]: Loaded font face Open Sans (from altcraft/fonts/OpenSans-Regular).
[2.02][ERROR][Render][Settings.cpp]: Loading settings failed: Can't open ifstream for ./settings.json: No such file or directory
[2.02][INFO][Render][Plugin.cpp]: Loaded plugin AltCraft Core Plugin
[2.02][INFO][Render][AssetManager.cpp]: Scripts loaded
[2.02][INFO][Render][Render.cpp]: Supported threads: 16
[2.02][ERROR][Render][Settings.cpp]: Loading settings failed: Can't open ifstream for ./settings.json: No such file or directory
[125.82][INFO][Render][Settings.cpp]: Saved 10 settings
[128.86][INFO][Render][Plugin.cpp]: Initializing plugin system
[128.86][INFO][Render][Plugin.cpp]: AC Core unloaded
[0.00][INFO][Render][main.cpp]: Logger is configured
[0.00][INFO][Render][Settings.cpp]: Loaded 10 settings
[0.00][INFO][Render][Render.cpp]: Creating window: 900x480 "AltCraft"
[0.36][INFO][Render][Render.cpp]: Initializing GLEW
[1.42][INFO][Render][TextureAtlas.cpp]: Initializing texture atlas...
[1.42][INFO][Render][TextureAtlas.cpp]: Textures count: 1407
[1.43][INFO][Render][TextureAtlas.cpp]: Texture atlas size is 1024x1024x19
[1.90][INFO][Render][TextureAtlas.cpp]: Texture atlas initialized
[1.93][INFO][Render][AssetManager.cpp]: Loaded 443 ids
[2.01][INFO][Render][Plugin.cpp]: Initializing plugin system
[2.01][INFO][Render][Render.cpp]: Initializing Rml
[2.01][INFO][Render][Rml.cpp]: Loading Lua plugin using the provided Lua state.
[2.02][INFO][Render][Plugin.cpp]: Loading plugin AltCraft Core Plugin
[2.02][INFO][Render][Rml.cpp]: Loaded font face Open Sans (from altcraft/fonts/OpenSans-Regular).
[2.04][INFO][Render][Settings.cpp]: Loaded 10 settings
[2.04][INFO][Render][Plugin.cpp]: Loaded plugin AltCraft Core Plugin
[2.04][INFO][Render][AssetManager.cpp]: Scripts loaded
[2.04][INFO][Render][Render.cpp]: Supported threads: 16
[2.04][INFO][Render][Settings.cpp]: Loaded 10 settings
[33.23][INFO][Render][Settings.cpp]: Saved 10 settings
[33.26][INFO][4992][Game.cpp]: Connecting to server at address 127.0.0.1:25565 as HelloOne
[35.29][WARNING][4992][Network.cpp]: Connection failed: Couldn't connect to remote host
[35.29][WARNING][4992][Game.cpp]: Connection failed
[37.28][INFO][Render][Settings.cpp]: Saved 10 settings
[38.88][INFO][Render][Plugin.cpp]: Initializing plugin system
[38.88][INFO][Render][Plugin.cpp]: AC Core unloaded
[0.00][INFO][Render][main.cpp]: Logger is configured
[0.00][INFO][Render][Settings.cpp]: Loaded 10 settings
[0.00][INFO][Render][Render.cpp]: Creating window: 900x480 "AltCraft"
[0.32][INFO][Render][Render.cpp]: Initializing GLEW
[1.37][INFO][Render][TextureAtlas.cpp]: Initializing texture atlas...
[1.37][INFO][Render][TextureAtlas.cpp]: Textures count: 1407
[1.38][INFO][Render][TextureAtlas.cpp]: Texture atlas size is 1024x1024x19
[1.86][INFO][Render][TextureAtlas.cpp]: Texture atlas initialized
[1.88][INFO][Render][AssetManager.cpp]: Loaded 443 ids
[1.96][INFO][Render][Plugin.cpp]: Initializing plugin system
[1.97][INFO][Render][Render.cpp]: Initializing Rml
[1.97][INFO][Render][Rml.cpp]: Loading Lua plugin using the provided Lua state.
[1.98][INFO][Render][Plugin.cpp]: Loading plugin AltCraft Core Plugin
[1.98][INFO][Render][Rml.cpp]: Loaded font face Open Sans (from altcraft/fonts/OpenSans-Regular).
[2.00][INFO][Render][Settings.cpp]: Loaded 10 settings
[2.00][INFO][Render][Plugin.cpp]: Loaded plugin AltCraft Core Plugin
[2.00][INFO][Render][AssetManager.cpp]: Scripts loaded
[2.00][INFO][Render][Render.cpp]: Supported threads: 16
[2.00][INFO][Render][Settings.cpp]: Loaded 10 settings
[3.95][INFO][Render][Plugin.cpp]: Initializing plugin system
[3.95][INFO][Render][Plugin.cpp]: AC Core unloaded
[0.00][INFO][Render][main.cpp]: Logger is configured
[0.00][INFO][Render][Settings.cpp]: Loaded 10 settings
[0.00][INFO][Render][Render.cpp]: Creating window: 900x480 "AltCraft"
[0.34][INFO][Render][Render.cpp]: Initializing GLEW
[1.39][INFO][Render][TextureAtlas.cpp]: Initializing texture atlas...
[1.39][INFO][Render][TextureAtlas.cpp]: Textures count: 1407
[1.40][INFO][Render][TextureAtlas.cpp]: Texture atlas size is 1024x1024x19
[1.88][INFO][Render][TextureAtlas.cpp]: Texture atlas initialized
[1.90][INFO][Render][AssetManager.cpp]: Loaded 443 ids
[1.99][INFO][Render][Plugin.cpp]: Initializing plugin system
[1.99][INFO][Render][Render.cpp]: Initializing Rml
[1.99][INFO][Render][Rml.cpp]: Loading Lua plugin using the provided Lua state.
[2.00][INFO][Render][Plugin.cpp]: Loading plugin AltCraft Core Plugin
[2.00][INFO][Render][Rml.cpp]: Loaded font face Open Sans (from altcraft/fonts/OpenSans-Regular).
[2.02][INFO][Render][Settings.cpp]: Loaded 10 settings
[2.02][INFO][Render][Plugin.cpp]: Loaded plugin AltCraft Core Plugin
[2.02][INFO][Render][AssetManager.cpp]: Scripts loaded
[2.02][INFO][Render][Render.cpp]: Supported threads: 16
[2.02][INFO][Render][Settings.cpp]: Loaded 10 settings
[3.49][INFO][Render][Plugin.cpp]: Initializing plugin system
[3.49][INFO][Render][Plugin.cpp]: AC Core unloaded
[0.00][INFO][Render][main.cpp]: Logger is configured
[0.00][INFO][Render][Settings.cpp]: Loaded 10 settings
[0.00][INFO][Render][Render.cpp]: Creating window: 900x480 "AltCraft"
[0.34][INFO][Render][Render.cpp]: Initializing GLEW
[1.50][INFO][Render][TextureAtlas.cpp]: Initializing texture atlas...
[1.50][INFO][Render][TextureAtlas.cpp]: Textures count: 1407
[1.51][INFO][Render][TextureAtlas.cpp]: Texture atlas size is 1024x1024x19
[2.01][INFO][Render][TextureAtlas.cpp]: Texture atlas initialized
[2.03][INFO][Render][AssetManager.cpp]: Loaded 443 ids
[2.11][INFO][Render][Plugin.cpp]: Initializing plugin system
[2.12][INFO][Render][Render.cpp]: Initializing Rml
[2.12][INFO][Render][Rml.cpp]: Loading Lua plugin using the provided Lua state.
[2.12][INFO][Render][Plugin.cpp]: Loading plugin AltCraft Core Plugin
[2.13][INFO][Render][Rml.cpp]: Loaded font face Open Sans (from altcraft/fonts/OpenSans-Regular).
[2.14][INFO][Render][Settings.cpp]: Loaded 10 settings
[2.14][INFO][Render][Plugin.cpp]: Loaded plugin AltCraft Core Plugin
[2.14][INFO][Render][AssetManager.cpp]: Scripts loaded
[2.14][INFO][Render][Render.cpp]: Supported threads: 16
[2.15][INFO][Render][Settings.cpp]: Loaded 10 settings
[3.33][INFO][Render][Settings.cpp]: Saved 10 settings
[3.36][INFO][12000][Game.cpp]: Connecting to server at address 127.0.0.1:25565 as HelloOne
[5.39][WARNING][12000][Network.cpp]: Connection failed: Couldn't connect to remote host
[5.39][WARNING][12000][Game.cpp]: Connection failed
[14.87][INFO][Render][Settings.cpp]: Saved 10 settings
[14.89][INFO][12000][Game.cpp]: Connecting to server at address 127.0.0.1:25565 as HelloOne
[14.93][INFO][12000][NetworkClient.cpp]: Compression threshold: 256
[14.93][INFO][12000][Game.cpp]: Connected to server
[14.98][INFO][Render][GameState.cpp]: Gamemode is 1, Difficulty is 1, Level Type is default
[15.21][INFO][Render][GameState.cpp]: PlayerPos is -8.37711 58.0039 306.556		Angle: 22.2873,12.2
[15.21][INFO][Render][GameState.cpp]: Spawn position is -66 64 159
[15.30][INFO][Render][GameState.cpp]: Game is started
[15.71][INFO][Render][GameState.cpp]: PlayerPos is -8.37711 57.9636 306.556		Angle: 22.2873,12.2
[15.72][INFO][Render][RendererSection.cpp]: Created VBOs with vertices (8) and UVs (9) for faces
[0.00][INFO][Render][main.cpp]: Logger is configured
[0.00][INFO][Render][Settings.cpp]: Loaded 10 settings
[0.00][INFO][Render][Render.cpp]: Creating window: 900x480 "AltCraft"
[0.39][INFO][Render][Render.cpp]: Initializing GLEW
[1.49][INFO][Render][TextureAtlas.cpp]: Initializing texture atlas...
[1.49][INFO][Render][TextureAtlas.cpp]: Textures count: 1407
[1.51][INFO][Render][TextureAtlas.cpp]: Texture atlas size is 1024x1024x19
[1.99][INFO][Render][TextureAtlas.cpp]: Texture atlas initialized
[2.02][INFO][Render][AssetManager.cpp]: Loaded 443 ids
[2.10][INFO][Render][Plugin.cpp]: Initializing plugin system
[2.10][INFO][Render][Render.cpp]: Initializing Rml
[2.11][INFO][Render][Rml.cpp]: Loading Lua plugin using the provided Lua state.
[2.11][INFO][Render][Plugin.cpp]: Loading plugin AltCraft Core Plugin
[2.11][INFO][Render][Rml.cpp]: Loaded font face Open Sans (from altcraft/fonts/OpenSans-Regular).
[2.13][INFO][Render][Settings.cpp]: Loaded 10 settings
[2.13][INFO][Render][Plugin.cpp]: Loaded plugin AltCraft Core Plugin
[2.13][INFO][Render][AssetManager.cpp]: Scripts loaded
[2.13][INFO][Render][Render.cpp]: Supported threads: 16
[2.14][INFO][Render][Settings.cpp]: Loaded 10 settings
[3.17][INFO][Render][Settings.cpp]: Saved 10 settings
[3.20][INFO][23580][Game.cpp]: Connecting to server at address 127.0.0.1:25565 as HelloOne
[3.24][INFO][23580][NetworkClient.cpp]: Compression threshold: 256
[3.24][INFO][23580][Game.cpp]: Connected to server
[3.25][INFO][Render][GameState.cpp]: Gamemode is 1, Difficulty is 1, Level Type is default
[3.47][INFO][Render][GameState.cpp]: PlayerPos is -7.61347 58.0073 305.47		Angle: 152.687,11.5
[3.47][INFO][Render][GameState.cpp]: Spawn position is -66 64 159
[3.47][INFO][Render][GameState.cpp]: Game is started
[3.54][INFO][Render][RendererSection.cpp]: Created VBOs with vertices (8) and UVs (9) for faces
[3.81][INFO][Render][GameState.cpp]: PlayerPos is -7.61347 57.9495 305.47		Angle: 152.287,11.6
[18.63][INFO][Render][Game.cpp]: Disconnected: Disconnected by user
[18.64][INFO][Render][RendererWorld.cpp]: Total faces to render: 30259
[19.57][INFO][Render][Settings.cpp]: Saved 10 settings
[19.60][INFO][23580][Game.cpp]: Connecting to server at address 127.0.0.1:25565 as HelloOne
[19.64][INFO][23580][NetworkClient.cpp]: Compression threshold: 256
[19.64][INFO][23580][Game.cpp]: Connected to server
[19.65][INFO][Render][GameState.cpp]: Gamemode is 1, Difficulty is 1, Level Type is default
[19.78][INFO][Render][GameState.cpp]: PlayerPos is 10.7944 59.0014 280.723		Angle: 273.887,20.7
[19.78][INFO][Render][GameState.cpp]: Spawn position is -66 64 159
[19.79][INFO][Render][GameState.cpp]: Game is started
[0.00][INFO][Render][main.cpp]: Logger is configured
[0.00][INFO][Render][Settings.cpp]: Loaded 10 settings
[0.00][INFO][Render][Render.cpp]: Creating window: 900x480 "AltCraft"
[0.35][INFO][Render][Render.cpp]: Initializing GLEW
[0.00][INFO][Render][main.cpp]: Logger is configured
[0.00][INFO][Render][Settings.cpp]: Loaded 10 settings
[0.00][INFO][Render][Render.cpp]: Creating window: 900x480 "AltCraft"
[0.37][INFO][Render][Render.cpp]: Initializing GLEW
[1.47][INFO][Render][TextureAtlas.cpp]: Initializing texture atlas...
[1.47][INFO][Render][TextureAtlas.cpp]: Textures count: 1407
[1.48][INFO][Render][TextureAtlas.cpp]: Texture atlas size is 1024x1024x19
[1.97][INFO][Render][TextureAtlas.cpp]: Texture atlas initialized
[1.99][INFO][Render][AssetManager.cpp]: Loaded 443 ids
[2.07][INFO][Render][Plugin.cpp]: Initializing plugin system
[2.08][INFO][Render][Render.cpp]: Initializing Rml
[2.08][INFO][Render][Rml.cpp]: Loading Lua plugin using the provided Lua state.
[2.09][INFO][Render][Plugin.cpp]: Loading plugin AltCraft Core Plugin
[2.09][INFO][Render][Rml.cpp]: Loaded font face Open Sans (from altcraft/fonts/OpenSans-Regular).
[2.10][INFO][Render][Settings.cpp]: Loaded 10 settings
[2.11][INFO][Render][Plugin.cpp]: Loaded plugin AltCraft Core Plugin
[2.11][INFO][Render][AssetManager.cpp]: Scripts loaded
[2.11][INFO][Render][Render.cpp]: Supported threads: 16
[2.11][INFO][Render][Settings.cpp]: Loaded 10 settings
[2.94][INFO][Render][Settings.cpp]: Saved 10 settings
[2.97][INFO][23652][Game.cpp]: Connecting to server at address 127.0.0.1:25565 as HelloOne
[3.00][INFO][23652][NetworkClient.cpp]: Compression threshold: 256
[3.00][INFO][23652][Game.cpp]: Connected to server
[3.01][INFO][Render][GameState.cpp]: Gamemode is 1, Difficulty is 1, Level Type is default
[3.17][INFO][Render][GameState.cpp]: PlayerPos is 7.30196 64.0011 314.832		Angle: 161.687,2.4
[3.17][INFO][Render][GameState.cpp]: Spawn position is -66 64 159
[3.17][INFO][Render][GameState.cpp]: Game is started
[3.27][INFO][Render][RendererSection.cpp]: Created VBOs with vertices (8) and UVs (9) for faces
[0.00][INFO][Render][main.cpp]: Logger is configured
[0.00][INFO][Render][Settings.cpp]: Loaded 10 settings
[0.00][INFO][Render][Render.cpp]: Creating window: 900x480 "AltCraft"
[0.36][INFO][Render][Render.cpp]: Initializing GLEW
[1.46][INFO][Render][TextureAtlas.cpp]: Initializing texture atlas...
[1.46][INFO][Render][TextureAtlas.cpp]: Textures count: 1407
[1.47][INFO][Render][TextureAtlas.cpp]: Texture atlas size is 1024x1024x19
[1.96][INFO][Render][TextureAtlas.cpp]: Texture atlas initialized
[1.98][INFO][Render][AssetManager.cpp]: Loaded 443 ids
[2.06][INFO][Render][Plugin.cpp]: Initializing plugin system
[2.07][INFO][Render][Render.cpp]: Initializing Rml
[2.07][INFO][Render][Rml.cpp]: Loading Lua plugin using the provided Lua state.
[2.08][INFO][Render][Plugin.cpp]: Loading plugin AltCraft Core Plugin
[2.08][INFO][Render][Rml.cpp]: Loaded font face Open Sans (from altcraft/fonts/OpenSans-Regular).
[2.09][INFO][Render][Settings.cpp]: Loaded 10 settings
[2.09][INFO][Render][Plugin.cpp]: Loaded plugin AltCraft Core Plugin
[2.09][INFO][Render][AssetManager.cpp]: Scripts loaded
[2.09][INFO][Render][Render.cpp]: Supported threads: 16
[2.10][INFO][Render][Settings.cpp]: Loaded 10 settings
[2.93][INFO][Render][Settings.cpp]: Saved 10 settings
[2.96][INFO][22448][Game.cpp]: Connecting to server at address 127.0.0.1:25565 as HelloOne
[3.01][INFO][22448][NetworkClient.cpp]: Compression threshold: 256
[3.01][INFO][22448][Game.cpp]: Connected to server
[3.02][INFO][Render][GameState.cpp]: Gamemode is 1, Difficulty is 1, Level Type is default
[3.18][INFO][Render][GameState.cpp]: PlayerPos is -6.7674 64.0035 312.305		Angle: 139.487,37.6
[3.18][INFO][Render][GameState.cpp]: Spawn position is -66 64 159
[3.18][INFO][Render][GameState.cpp]: Game is started
[5.36][INFO][Render][RendererSection.cpp]: Created VBOs with vertices (8) and UVs (9) for faces
[5.66][INFO][Render][GameState.cpp]: PlayerPos is -6.7674 63.9435 312.305		Angle: 153.287,8.00001
[0.00][INFO][Render][main.cpp]: Logger is configured
[0.00][INFO][Render][Settings.cpp]: Loaded 10 settings
[0.00][INFO][Render][Render.cpp]: Creating window: 900x480 "AltCraft"
[0.38][INFO][Render][Render.cpp]: Initializing GLEW
[1.44][INFO][Render][TextureAtlas.cpp]: Initializing texture atlas...
[1.44][INFO][Render][TextureAtlas.cpp]: Textures count: 1407
[1.45][INFO][Render][TextureAtlas.cpp]: Texture atlas size is 1024x1024x19
[1.94][INFO][Render][TextureAtlas.cpp]: Texture atlas initialized
[1.97][INFO][Render][AssetManager.cpp]: Loaded 443 ids
[2.05][INFO][Render][Plugin.cpp]: Initializing plugin system
[2.05][INFO][Render][Render.cpp]: Initializing Rml
[2.06][INFO][Render][Rml.cpp]: Loading Lua plugin using the provided Lua state.
[2.06][INFO][Render][Plugin.cpp]: Loading plugin AltCraft Core Plugin
[2.06][INFO][Render][Rml.cpp]: Loaded font face Open Sans (from altcraft/fonts/OpenSans-Regular).
[2.08][INFO][Render][Settings.cpp]: Loaded 10 settings
[2.08][INFO][Render][Plugin.cpp]: Loaded plugin AltCraft Core Plugin
[2.08][INFO][Render][AssetManager.cpp]: Scripts loaded
[2.08][INFO][Render][Render.cpp]: Supported threads: 16
[2.08][INFO][Render][Settings.cpp]: Loaded 10 settings
[2.92][INFO][Render][Settings.cpp]: Saved 10 settings
[2.94][INFO][22860][Game.cpp]: Connecting to server at address 127.0.0.1:25565 as HelloOne
[2.95][INFO][22860][NetworkClient.cpp]: Compression threshold: 256
[2.95][INFO][22860][Game.cpp]: Connected to server
[2.97][INFO][Render][GameState.cpp]: Gamemode is 1, Difficulty is 1, Level Type is default
[3.11][INFO][Render][GameState.cpp]: PlayerPos is -6.7674 63.9435 312.305		Angle: 153.287,8.00001
[3.11][INFO][Render][GameState.cpp]: Spawn position is -66 64 159
[3.11][INFO][Render][GameState.cpp]: Game is started
[0.00][INFO][Render][main.cpp]: Logger is configured
[0.00][INFO][Render][Settings.cpp]: Loaded 10 settings
[0.00][INFO][Render][Render.cpp]: Creating window: 900x480 "AltCraft"
[0.34][INFO][Render][Render.cpp]: Initializing GLEW
[1.42][INFO][Render][TextureAtlas.cpp]: Initializing texture atlas...
[1.42][INFO][Render][TextureAtlas.cpp]: Textures count: 1407
[1.43][INFO][Render][TextureAtlas.cpp]: Texture atlas size is 1024x1024x19
[1.93][INFO][Render][TextureAtlas.cpp]: Texture atlas initialized
[1.95][INFO][Render][AssetManager.cpp]: Loaded 443 ids
[2.03][INFO][Render][Plugin.cpp]: Initializing plugin system
[2.04][INFO][Render][Render.cpp]: Initializing Rml
[2.04][INFO][Render][Rml.cpp]: Loading Lua plugin using the provided Lua state.
[2.05][INFO][Render][Plugin.cpp]: Loading plugin AltCraft Core Plugin
[2.05][INFO][Render][Rml.cpp]: Loaded font face Open Sans (from altcraft/fonts/OpenSans-Regular).
[2.07][INFO][Render][Settings.cpp]: Loaded 10 settings
[2.07][INFO][Render][Plugin.cpp]: Loaded plugin AltCraft Core Plugin
[2.07][INFO][Render][AssetManager.cpp]: Scripts loaded
[2.07][INFO][Render][Render.cpp]: Supported threads: 16
[2.07][INFO][Render][Settings.cpp]: Loaded 10 settings
[3.52][INFO][Render][Settings.cpp]: Saved 10 settings
[3.54][INFO][5136][Game.cpp]: Connecting to server at address 127.0.0.1:25565 as HelloOne
[3.58][INFO][5136][NetworkClient.cpp]: Compression threshold: 256
[3.58][INFO][5136][Game.cpp]: Connected to server
[3.61][INFO][Render][GameState.cpp]: Gamemode is 1, Difficulty is 1, Level Type is default
[3.74][INFO][Render][GameState.cpp]: PlayerPos is -6.7674 63.9435 312.305		Angle: 153.287,8.00001
[3.74][INFO][Render][GameState.cpp]: Spawn position is -66 64 159
[3.74][INFO][Render][GameState.cpp]: Game is started
[3.85][INFO][Render][RendererSection.cpp]: Created VBOs with vertices (8) and UVs (9) for faces
[0.00][INFO][Render][main.cpp]: Logger is configured
[0.00][INFO][Render][Settings.cpp]: Loaded 10 settings
[0.00][INFO][Render][Render.cpp]: Creating window: 900x480 "AltCraft"
[0.38][INFO][Render][Render.cpp]: Initializing GLEW
[1.51][INFO][Render][TextureAtlas.cpp]: Initializing texture atlas...
[1.51][INFO][Render][TextureAtlas.cpp]: Textures count: 1407
[1.52][INFO][Render][TextureAtlas.cpp]: Texture atlas size is 1024x1024x19
[2.01][INFO][Render][TextureAtlas.cpp]: Texture atlas initialized
[2.04][INFO][Render][AssetManager.cpp]: Loaded 443 ids
[2.12][INFO][Render][Plugin.cpp]: Initializing plugin system
[2.12][INFO][Render][Render.cpp]: Initializing Rml
[2.12][INFO][Render][Rml.cpp]: Loading Lua plugin using the provided Lua state.
[2.13][INFO][Render][Plugin.cpp]: Loading plugin AltCraft Core Plugin
[2.13][INFO][Render][Rml.cpp]: Loaded font face Open Sans (from altcraft/fonts/OpenSans-Regular).
[2.15][INFO][Render][Settings.cpp]: Loaded 10 settings
[2.15][INFO][Render][Plugin.cpp]: Loaded plugin AltCraft Core Plugin
[2.15][INFO][Render][AssetManager.cpp]: Scripts loaded
[2.15][INFO][Render][Render.cpp]: Supported threads: 16
[2.15][INFO][Render][Settings.cpp]: Loaded 10 settings
[3.17][INFO][Render][Settings.cpp]: Saved 10 settings
[3.21][INFO][6496][Game.cpp]: Connecting to server at address 127.0.0.1:25565 as HelloOne
[3.22][INFO][6496][NetworkClient.cpp]: Compression threshold: 256
[3.22][INFO][6496][Game.cpp]: Connected to server
[3.23][INFO][Render][GameState.cpp]: Gamemode is 1, Difficulty is 1, Level Type is default
[3.38][INFO][Render][GameState.cpp]: PlayerPos is -7.31848 65.0035 311.019		Angle: 91.9873,68.5
[3.38][INFO][Render][GameState.cpp]: Spawn position is -66 64 159
[3.39][INFO][Render][GameState.cpp]: Game is started
[3.45][INFO][Render][RendererSection.cpp]: Created VBOs with vertices (8) and UVs (9) for faces
[3.74][INFO][Render][GameState.cpp]: PlayerPos is -7.31848 64.9434 311.019		Angle: 91.9873,68.5
[0.00][INFO][Render][main.cpp]: Logger is configured
[0.00][INFO][Render][Settings.cpp]: Loaded 10 settings
[0.00][INFO][Render][Render.cpp]: Creating window: 900x480 "AltCraft"
[0.35][INFO][Render][Render.cpp]: Initializing GLEW
[1.45][INFO][Render][TextureAtlas.cpp]: Initializing texture atlas...
[1.45][INFO][Render][TextureAtlas.cpp]: Textures count: 1407
[1.46][INFO][Render][TextureAtlas.cpp]: Texture atlas size is 1024x1024x19
[1.95][INFO][Render][TextureAtlas.cpp]: Texture atlas initialized
[1.97][INFO][Render][AssetManager.cpp]: Loaded 443 ids
[2.05][INFO][Render][Plugin.cpp]: Initializing plugin system
[2.06][INFO][Render][Render.cpp]: Initializing Rml
[2.06][INFO][Render][Rml.cpp]: Loading Lua plugin using the provided Lua state.
[2.07][INFO][Render][Plugin.cpp]: Loading plugin AltCraft Core Plugin
[2.07][INFO][Render][Rml.cpp]: Loaded font face Open Sans (from altcraft/fonts/OpenSans-Regular).
[2.09][INFO][Render][Settings.cpp]: Loaded 10 settings
[2.09][INFO][Render][Plugin.cpp]: Loaded plugin AltCraft Core Plugin
[2.09][INFO][Render][AssetManager.cpp]: Scripts loaded
[2.09][INFO][Render][Render.cpp]: Supported threads: 16
[2.09][INFO][Render][Settings.cpp]: Loaded 10 settings
[3.33][INFO][Render][Settings.cpp]: Saved 10 settings
[3.35][INFO][1212][Game.cpp]: Connecting to server at address 127.0.0.1:25565 as HelloOne
[3.39][INFO][1212][NetworkClient.cpp]: Compression threshold: 256
[3.39][INFO][1212][Game.cpp]: Connected to server
[3.42][INFO][Render][GameState.cpp]: Gamemode is 1, Difficulty is 1, Level Type is default
[3.56][INFO][Render][GameState.cpp]: PlayerPos is -8.86301 65.0091 310.594		Angle: 86.8873,68.6
[3.56][INFO][Render][GameState.cpp]: Spawn position is -66 64 159
[3.56][INFO][Render][GameState.cpp]: Game is started
[3.69][INFO][Render][RendererSection.cpp]: Created VBOs with vertices (8) and UVs (9) for faces
[0.00][INFO][Render][main.cpp]: Logger is configured
[0.00][INFO][Render][Settings.cpp]: Loaded 10 settings
[0.00][INFO][Render][Render.cpp]: Creating window: 900x480 "AltCraft"
[0.36][INFO][Render][Render.cpp]: Initializing GLEW
[1.46][INFO][Render][TextureAtlas.cpp]: Initializing texture atlas...
[1.46][INFO][Render][TextureAtlas.cpp]: Textures count: 1407
[1.47][INFO][Render][TextureAtlas.cpp]: Texture atlas size is 1024x1024x19
[1.96][INFO][Render][TextureAtlas.cpp]: Texture atlas initialized
[1.99][INFO][Render][AssetManager.cpp]: Loaded 443 ids
[2.07][INFO][Render][Plugin.cpp]: Initializing plugin system
[2.07][INFO][Render][Render.cpp]: Initializing Rml
[2.08][INFO][Render][Rml.cpp]: Loading Lua plugin using the provided Lua state.
[2.08][INFO][Render][Plugin.cpp]: Loading plugin AltCraft Core Plugin
[2.08][INFO][Render][Rml.cpp]: Loaded font face Open Sans (from altcraft/fonts/OpenSans-Regular).
[2.10][INFO][Render][Settings.cpp]: Loaded 10 settings
[2.10][INFO][Render][Plugin.cpp]: Loaded plugin AltCraft Core Plugin
[2.10][INFO][Render][AssetManager.cpp]: Scripts loaded
[2.10][INFO][Render][Render.cpp]: Supported threads: 16
[2.11][INFO][Render][Settings.cpp]: Loaded 10 settings
[2.75][INFO][Render][Settings.cpp]: Saved 10 settings
[2.77][INFO][3324][Game.cpp]: Connecting to server at address 127.0.0.1:25565 as HelloOne
[2.82][INFO][3324][NetworkClient.cpp]: Compression threshold: 256
[2.82][INFO][3324][Game.cpp]: Connected to server
[2.84][INFO][Render][GameState.cpp]: Gamemode is 1, Difficulty is 1, Level Type is default
[3.00][INFO][Render][GameState.cpp]: PlayerPos is -14.329 64.0052 311.396		Angle: 87.7873,34.4
[3.00][INFO][Render][GameState.cpp]: Spawn position is -66 64 159
[3.00][INFO][Render][GameState.cpp]: Game is started
[3.13][INFO][Render][RendererSection.cpp]: Created VBOs with vertices (8) and UVs (9) for faces
[3.31][INFO][Render][GameState.cpp]: PlayerPos is -14.329 64.0052 311.396		Angle: 87.7873,34.4
[0.00][INFO][Render][main.cpp]: Logger is configured
[0.00][INFO][Render][Settings.cpp]: Loaded 10 settings
[0.00][INFO][Render][Render.cpp]: Creating window: 900x480 "AltCraft"
[0.37][INFO][Render][Render.cpp]: Initializing GLEW
[1.44][INFO][Render][TextureAtlas.cpp]: Initializing texture atlas...
[1.44][INFO][Render][TextureAtlas.cpp]: Textures count: 1407
[1.45][INFO][Render][TextureAtlas.cpp]: Texture atlas size is 1024x1024x19
[1.94][INFO][Render][TextureAtlas.cpp]: Texture atlas initialized
[1.97][INFO][Render][AssetManager.cpp]: Loaded 443 ids
[2.05][INFO][Render][Plugin.cpp]: Initializing plugin system
[2.05][INFO][Render][Render.cpp]: Initializing Rml
[2.06][INFO][Render][Rml.cpp]: Loading Lua plugin using the provided Lua state.
[2.06][INFO][Render][Plugin.cpp]: Loading plugin AltCraft Core Plugin
[2.06][INFO][Render][Rml.cpp]: Loaded font face Open Sans (from altcraft/fonts/OpenSans-Regular).
[2.08][INFO][Render][Settings.cpp]: Loaded 10 settings
[2.08][INFO][Render][Plugin.cpp]: Loaded plugin AltCraft Core Plugin
[2.08][INFO][Render][AssetManager.cpp]: Scripts loaded
[2.08][INFO][Render][Render.cpp]: Supported threads: 16
[2.08][INFO][Render][Settings.cpp]: Loaded 10 settings
[2.79][INFO][Render][Settings.cpp]: Saved 10 settings
[2.84][INFO][21440][Game.cpp]: Connecting to server at address 127.0.0.1:25565 as HelloOne
[2.86][INFO][21440][NetworkClient.cpp]: Compression threshold: 256
[2.86][INFO][21440][Game.cpp]: Connected to server
[2.88][INFO][Render][GameState.cpp]: Gamemode is 1, Difficulty is 1, Level Type is default
[3.03][INFO][Render][GameState.cpp]: PlayerPos is -14.329 64.0052 311.396		Angle: 99.5873,31.8
[3.03][INFO][Render][GameState.cpp]: Spawn position is -66 64 159
[3.03][INFO][Render][GameState.cpp]: Game is started
[3.12][INFO][Render][RendererSection.cpp]: Created VBOs with vertices (8) and UVs (9) for faces
[0.00][INFO][Render][main.cpp]: Logger is configured
[0.00][INFO][Render][Settings.cpp]: Loaded 10 settings
[0.00][INFO][Render][Render.cpp]: Creating window: 900x480 "AltCraft"
[0.36][INFO][Render][Render.cpp]: Initializing GLEW
[1.49][INFO][Render][TextureAtlas.cpp]: Initializing texture atlas...
[1.49][INFO][Render][TextureAtlas.cpp]: Textures count: 1407
[1.50][INFO][Render][TextureAtlas.cpp]: Texture atlas size is 1024x1024x19
[1.98][INFO][Render][TextureAtlas.cpp]: Texture atlas initialized
[2.01][INFO][Render][AssetManager.cpp]: Loaded 443 ids
[2.10][INFO][Render][Plugin.cpp]: Initializing plugin system
[2.10][INFO][Render][Render.cpp]: Initializing Rml
[2.10][INFO][Render][Rml.cpp]: Loading Lua plugin using the provided Lua state.
[2.11][INFO][Render][Plugin.cpp]: Loading plugin AltCraft Core Plugin
[2.11][INFO][Render][Rml.cpp]: Loaded font face Open Sans (from altcraft/fonts/OpenSans-Regular).
[2.13][INFO][Render][Settings.cpp]: Loaded 10 settings
[2.13][INFO][Render][Plugin.cpp]: Loaded plugin AltCraft Core Plugin
[2.13][INFO][Render][AssetManager.cpp]: Scripts loaded
[2.13][INFO][Render][Render.cpp]: Supported threads: 16
[2.14][INFO][Render][Settings.cpp]: Loaded 10 settings
[3.53][INFO][Render][Settings.cpp]: Saved 10 settings
[3.55][INFO][16396][Game.cpp]: Connecting to server at address 127.0.0.1:25565 as HelloOne
[3.59][INFO][16396][NetworkClient.cpp]: Compression threshold: 256
[3.59][INFO][16396][Game.cpp]: Connected to server
[3.60][INFO][Render][GameState.cpp]: Gamemode is 1, Difficulty is 1, Level Type is default
[3.75][INFO][Render][GameState.cpp]: PlayerPos is -15.6995 64.0052 311.329		Angle: 91.4873,49.2
[3.75][INFO][Render][GameState.cpp]: Spawn position is -66 64 159
[3.75][INFO][Render][GameState.cpp]: Game is started
[3.84][INFO][Render][RendererSection.cpp]: Created VBOs with vertices (8) and UVs (9) for faces
[0.00][INFO][Render][main.cpp]: Logger is configured
[0.00][INFO][Render][Settings.cpp]: Loaded 10 settings
[0.00][INFO][Render][Render.cpp]: Creating window: 900x480 "AltCraft"
[0.36][INFO][Render][Render.cpp]: Initializing GLEW
[1.47][INFO][Render][TextureAtlas.cpp]: Initializing texture atlas...
[1.47][INFO][Render][TextureAtlas.cpp]: Textures count: 1407
[1.48][INFO][Render][TextureAtlas.cpp]: Texture atlas size is 1024x1024x19
[1.97][INFO][Render][TextureAtlas.cpp]: Texture atlas initialized
[2.00][INFO][Render][AssetManager.cpp]: Loaded 443 ids
[2.08][INFO][Render][Plugin.cpp]: Initializing plugin system
[2.08][INFO][Render][Render.cpp]: Initializing Rml
[2.09][INFO][Render][Rml.cpp]: Loading Lua plugin using the provided Lua state.
[2.09][INFO][Render][Plugin.cpp]: Loading plugin AltCraft Core Plugin
[2.09][INFO][Render][Rml.cpp]: Loaded font face Open Sans (from altcraft/fonts/OpenSans-Regular).
[2.11][INFO][Render][Settings.cpp]: Loaded 10 settings
[2.11][INFO][Render][Plugin.cpp]: Loaded plugin AltCraft Core Plugin
[2.11][INFO][Render][AssetManager.cpp]: Scripts loaded
[2.11][INFO][Render][Render.cpp]: Supported threads: 16
[2.11][INFO][Render][Settings.cpp]: Loaded 10 settings
[3.97][INFO][Render][Settings.cpp]: Saved 10 settings
[3.98][INFO][23496][Game.cpp]: Connecting to server at address 127.0.0.1:25565 as HelloOne
[4.01][INFO][23496][NetworkClient.cpp]: Compression threshold: 256
[4.01][INFO][23496][Game.cpp]: Connected to server
[4.02][INFO][Render][GameState.cpp]: Gamemode is 1, Difficulty is 1, Level Type is default
[4.19][INFO][Render][GameState.cpp]: PlayerPos is -16.5987 65.0063 311.308		Angle: 35.9873,30.8
[4.19][INFO][Render][GameState.cpp]: Spawn position is -66 64 159
[4.19][INFO][Render][GameState.cpp]: Game is started
[4.27][INFO][Render][RendererSection.cpp]: Created VBOs with vertices (8) and UVs (9) for faces
[4.52][INFO][Render][GameState.cpp]: PlayerPos is -16.5987 64.946 311.308		Angle: 35.9873,30.8
[9.11][INFO][Render][Game.cpp]: Disconnected: Disconnected by user
[9.12][INFO][Render][RendererWorld.cpp]: Total faces to render: 25253
[9.73][INFO][Render][Plugin.cpp]: Initializing plugin system
[9.73][INFO][Render][Plugin.cpp]: AC Core unloaded
[0.00][INFO][Render][main.cpp]: Logger is configured
[0.00][INFO][Render][Settings.cpp]: Loaded 10 settings
[0.00][INFO][Render][Render.cpp]: Creating window: 900x480 "AltCraft"
[0.34][INFO][Render][Render.cpp]: Initializing GLEW
[1.46][INFO][Render][TextureAtlas.cpp]: Initializing texture atlas...
[1.46][INFO][Render][TextureAtlas.cpp]: Textures count: 1407
[1.47][INFO][Render][TextureAtlas.cpp]: Texture atlas size is 1024x1024x19
[1.95][INFO][Render][TextureAtlas.cpp]: Texture atlas initialized
[1.98][INFO][Render][AssetManager.cpp]: Loaded 443 ids
[2.06][INFO][Render][Plugin.cpp]: Initializing plugin system
[2.06][INFO][Render][Render.cpp]: Initializing Rml
[2.07][INFO][Render][Rml.cpp]: Loading Lua plugin using the provided Lua state.
[2.07][INFO][Render][Plugin.cpp]: Loading plugin AltCraft Core Plugin
[2.07][INFO][Render][Rml.cpp]: Loaded font face Open Sans (from altcraft/fonts/OpenSans-Regular).
[2.09][INFO][Render][Settings.cpp]: Loaded 10 settings
[2.09][INFO][Render][Plugin.cpp]: Loaded plugin AltCraft Core Plugin
[2.09][INFO][Render][AssetManager.cpp]: Scripts loaded
[2.09][INFO][Render][Render.cpp]: Supported threads: 16
[2.10][INFO][Render][Settings.cpp]: Loaded 10 settings
[3.14][INFO][Render][Settings.cpp]: Saved 10 settings
[3.16][INFO][6616][Game.cpp]: Connecting to server at address 127.0.0.1:25565 as HelloOne
[3.18][INFO][6616][NetworkClient.cpp]: Compression threshold: 256
[3.18][INFO][6616][Game.cpp]: Connected to server
[3.19][INFO][Render][GameState.cpp]: Gamemode is 1, Difficulty is 1, Level Type is default
[3.38][INFO][Render][GameState.cpp]: PlayerPos is -16.5987 65.0029 311.308		Angle: 38.1873,35.1
[3.38][INFO][Render][GameState.cpp]: Spawn position is -66 64 159
[3.38][INFO][Render][GameState.cpp]: Game is started
[3.47][INFO][Render][RendererSection.cpp]: Created VBOs with vertices (8) and UVs (9) for faces
[3.71][INFO][Render][GameState.cpp]: PlayerPos is -16.5987 64.9428 311.308		Angle: 38.1873,35.1
[6.10][INFO][Render][Game.cpp]: Disconnected: Disconnected by user
[6.23][INFO][Render][RendererWorld.cpp]: Total faces to render: 25253
[7.28][INFO][Render][Plugin.cpp]: Initializing plugin system
[7.28][INFO][Render][Plugin.cpp]: AC Core unloaded
[0.00][INFO][Render][main.cpp]: Logger is configured
[0.00][INFO][Render][Settings.cpp]: Loaded 10 settings
[0.00][INFO][Render][Render.cpp]: Creating window: 900x480 "AltCraft"
[0.35][INFO][Render][Render.cpp]: Initializing GLEW
[1.44][INFO][Render][TextureAtlas.cpp]: Initializing texture atlas...
[1.44][INFO][Render][TextureAtlas.cpp]: Textures count: 1407
[1.45][INFO][Render][TextureAtlas.cpp]: Texture atlas size is 1024x1024x19
[1.95][INFO][Render][TextureAtlas.cpp]: Texture atlas initialized
[1.97][INFO][Render][AssetManager.cpp]: Loaded 443 ids
[2.05][INFO][Render][Plugin.cpp]: Initializing plugin system
[2.05][INFO][Render][Render.cpp]: Initializing Rml
[2.06][INFO][Render][Rml.cpp]: Loading Lua plugin using the provided Lua state.
[2.06][INFO][Render][Plugin.cpp]: Loading plugin AltCraft Core Plugin
[2.06][INFO][Render][Rml.cpp]: Loaded font face Open Sans (from altcraft/fonts/OpenSans-Regular).
[2.08][INFO][Render][Settings.cpp]: Loaded 10 settings
[2.08][INFO][Render][Plugin.cpp]: Loaded plugin AltCraft Core Plugin
[2.08][INFO][Render][AssetManager.cpp]: Scripts loaded
[2.08][INFO][Render][Render.cpp]: Supported threads: 16
[2.09][INFO][Render][Settings.cpp]: Loaded 10 settings
[2.82][INFO][Render][Settings.cpp]: Saved 10 settings
[2.85][INFO][21688][Game.cpp]: Connecting to server at address 127.0.0.1:25565 as HelloOne
[2.85][INFO][21688][NetworkClient.cpp]: Compression threshold: 256
[2.85][INFO][21688][Game.cpp]: Connected to server
[2.87][INFO][Render][GameState.cpp]: Gamemode is 1, Difficulty is 1, Level Type is default
[3.02][INFO][Render][GameState.cpp]: PlayerPos is -16.5987 65.006 311.308		Angle: 41.0873,31.9
[3.02][INFO][Render][GameState.cpp]: Spawn position is -66 64 159
[3.02][INFO][Render][GameState.cpp]: Game is started
[3.12][INFO][Render][RendererSection.cpp]: Created VBOs with vertices (8) and UVs (9) for faces
[3.37][INFO][Render][GameState.cpp]: PlayerPos is -16.5987 64.9482 311.308		Angle: 41.0873,31.9
[5.90][INFO][Render][Game.cpp]: Disconnected: Disconnected by user
[5.91][INFO][Render][RendererWorld.cpp]: Total faces to render: 25253
[6.61][INFO][Render][Plugin.cpp]: Initializing plugin system
[6.61][INFO][Render][Plugin.cpp]: AC Core unloaded
[0.00][INFO][Render][main.cpp]: Logger is configured
[0.00][INFO][Render][Settings.cpp]: Loaded 10 settings
[0.00][INFO][Render][Render.cpp]: Creating window: 900x480 "AltCraft"
[0.34][INFO][Render][Render.cpp]: Initializing GLEW
[1.39][INFO][Render][TextureAtlas.cpp]: Initializing texture atlas...
[1.39][INFO][Render][TextureAtlas.cpp]: Textures count: 1407
[1.40][INFO][Render][TextureAtlas.cpp]: Texture atlas size is 1024x1024x19
[1.88][INFO][Render][TextureAtlas.cpp]: Texture atlas initialized
[1.91][INFO][Render][AssetManager.cpp]: Loaded 443 ids
[1.99][INFO][Render][Plugin.cpp]: Initializing plugin system
[1.99][INFO][Render][Render.cpp]: Initializing Rml
[1.99][INFO][Render][Rml.cpp]: Loading Lua plugin using the provided Lua state.
[2.00][INFO][Render][Plugin.cpp]: Loading plugin AltCraft Core Plugin
[2.00][INFO][Render][Rml.cpp]: Loaded font face Open Sans (from altcraft/fonts/OpenSans-Regular).
[2.02][INFO][Render][Settings.cpp]: Loaded 10 settings
[2.02][INFO][Render][Plugin.cpp]: Loaded plugin AltCraft Core Plugin
[2.02][INFO][Render][AssetManager.cpp]: Scripts loaded
[2.02][INFO][Render][Render.cpp]: Supported threads: 16
[2.02][INFO][Render][Settings.cpp]: Loaded 10 settings
[4.59][INFO][Render][Settings.cpp]: Saved 10 settings
[4.64][INFO][21824][Game.cpp]: Connecting to server at address 127.0.0.1:25565 as HelloOne
[4.68][INFO][21824][NetworkClient.cpp]: Compression threshold: 256
[4.68][INFO][21824][Game.cpp]: Connected to server
[4.69][INFO][Render][GameState.cpp]: Gamemode is 1, Difficulty is 1, Level Type is default
[4.85][INFO][Render][GameState.cpp]: PlayerPos is -17.3913 66.0036 312.244		Angle: 38.4873,49.2
[4.85][INFO][Render][GameState.cpp]: Spawn position is -66 64 159
[4.85][INFO][Render][GameState.cpp]: Game is started
[4.93][INFO][Render][RendererSection.cpp]: Created VBOs with vertices (8) and UVs (9) for faces
[87.61][WARNING][Render][RendererWorld.cpp]: Generated not necessary RendererSectionData: -3 4 19
[87.61][WARNING][Render][RendererWorld.cpp]: Generated not necessary RendererSectionData: -3 3 19
[87.86][WARNING][Render][RendererWorld.cpp]: Generated not necessary RendererSectionData: -3 4 19
[87.88][WARNING][Render][RendererWorld.cpp]: Generated not necessary RendererSectionData: -3 3 19
[88.16][WARNING][Render][RendererWorld.cpp]: Generated not necessary RendererSectionData: -3 3 19
[88.18][WARNING][Render][RendererWorld.cpp]: Generated not necessary RendererSectionData: -3 4 19
[215.44][INFO][Render][Settings.cpp]: Saved 10 settings
[402.16][INFO][Render][Game.cpp]: Disconnected: Disconnected by user
[402.19][INFO][Render][RendererWorld.cpp]: Total faces to render: 1278379
[402.86][INFO][Render][Plugin.cpp]: Initializing plugin system
[402.86][INFO][Render][Plugin.cpp]: AC Core unloaded
[0.00][INFO][Render][main.cpp]: Logger is configured
[0.00][INFO][Render][Settings.cpp]: Loaded 10 settings
[0.00][INFO][Render][Render.cpp]: Creating window: 900x480 "AltCraft"
[0.31][INFO][Render][Render.cpp]: Initializing GLEW
[1.43][INFO][Render][TextureAtlas.cpp]: Initializing texture atlas...
[1.43][INFO][Render][TextureAtlas.cpp]: Textures count: 1407
[1.44][INFO][Render][TextureAtlas.cpp]: Texture atlas size is 1024x1024x19
[1.93][INFO][Render][TextureAtlas.cpp]: Texture atlas initialized
[1.95][INFO][Render][AssetManager.cpp]: Loaded 443 ids
[2.04][INFO][Render][Plugin.cpp]: Initializing plugin system
[2.04][INFO][Render][Render.cpp]: Initializing Rml
[2.05][INFO][Render][Rml.cpp]: Loading Lua plugin using the provided Lua state.
[2.05][INFO][Render][Plugin.cpp]: Loading plugin AltCraft Core Plugin
[2.05][INFO][Render][Rml.cpp]: Loaded font face Open Sans (from altcraft/fonts/OpenSans-Regular).
[2.07][INFO][Render][Settings.cpp]: Loaded 10 settings
[2.07][INFO][Render][Plugin.cpp]: Loaded plugin AltCraft Core Plugin
[2.07][INFO][Render][AssetManager.cpp]: Scripts loaded
[2.07][INFO][Render][Render.cpp]: Supported threads: 16
[2.08][INFO][Render][Settings.cpp]: Loaded 10 settings
[3.47][INFO][Render][Settings.cpp]: Saved 10 settings
[3.49][INFO][24148][Game.cpp]: Connecting to server at address 127.0.0.1:25565 as HelloOne
[3.53][INFO][24148][NetworkClient.cpp]: Compression threshold: 256
[3.53][INFO][24148][Game.cpp]: Connected to server
[3.54][INFO][Render][GameState.cpp]: Gamemode is 1, Difficulty is 1, Level Type is default
[3.71][INFO][Render][RendererSection.cpp]: Created VBOs with vertices (6) and UVs (7) for faces
[3.72][INFO][Render][GameState.cpp]: PlayerPos is -15.5384 71.001 242.864		Angle: -11.7126,17
[3.72][INFO][Render][GameState.cpp]: Spawn position is -66 64 159
[3.72][INFO][Render][GameState.cpp]: Game is started
[6.19][INFO][Render][Game.cpp]: Disconnected: Disconnected by user
[6.24][INFO][Render][RendererWorld.cpp]: Total faces to render: 1133821
[8.98][INFO][Render][Plugin.cpp]: Initializing plugin system
[8.98][INFO][Render][Plugin.cpp]: AC Core unloaded
